c:\github\jimfawcett\cppstory\chapter4-peoplehierarchy\debug\vc142.pdb
c:\github\jimfawcett\cppstory\chapter4-peoplehierarchy\debug\vc142.idb
c:\github\jimfawcett\cppstory\chapter4-peoplehierarchy\debug\teamlead.obj
c:\github\jimfawcett\cppstory\chapter4-peoplehierarchy\debug\sw_eng.obj
c:\github\jimfawcett\cppstory\chapter4-peoplehierarchy\debug\projmgr.obj
c:\github\jimfawcett\cppstory\chapter4-peoplehierarchy\debug\project.obj
c:\github\jimfawcett\cppstory\chapter4-peoplehierarchy\debug\person.obj
c:\github\jimfawcett\cppstory\chapter4-peoplehierarchy\debug\dev.obj
c:\github\jimfawcett\cppstory\chapter4-peoplehierarchy\debug\budget.obj
c:\github\jimfawcett\cppstory\debug\chapter4-peoplehierarchy.pdb
c:\github\jimfawcett\cppstory\chapter4-peoplehierarchy\debug\chapter4.6d352708.tlog\cl.command.1.tlog
c:\github\jimfawcett\cppstory\chapter4-peoplehierarchy\debug\chapter4.6d352708.tlog\cl.read.1.tlog
c:\github\jimfawcett\cppstory\chapter4-peoplehierarchy\debug\chapter4.6d352708.tlog\cl.write.1.tlog
c:\github\jimfawcett\cppstory\chapter4-peoplehierarchy\debug\chapter4.6d352708.tlog\link-cvtres.read.1.tlog
c:\github\jimfawcett\cppstory\chapter4-peoplehierarchy\debug\chapter4.6d352708.tlog\link-cvtres.write.1.tlog
c:\github\jimfawcett\cppstory\chapter4-peoplehierarchy\debug\chapter4.6d352708.tlog\link-rc.read.1.tlog
c:\github\jimfawcett\cppstory\chapter4-peoplehierarchy\debug\chapter4.6d352708.tlog\link-rc.write.1.tlog
c:\github\jimfawcett\cppstory\chapter4-peoplehierarchy\debug\chapter4.6d352708.tlog\link.command.1.tlog
c:\github\jimfawcett\cppstory\chapter4-peoplehierarchy\debug\chapter4.6d352708.tlog\link.read.1.tlog
c:\github\jimfawcett\cppstory\chapter4-peoplehierarchy\debug\chapter4.6d352708.tlog\link.write.1.tlog
