2003.01.25 21:33 B C:\SU\CSE687\Code\iostreams\HEADERS\FSTREAM --> ftp.ecs.syr.edu /faculty/fawcett/handouts/CSE687/code/iostreams/HEADERS FSTREAM
2003.01.25 21:33 B C:\SU\CSE687\Code\iostreams\HEADERS\FSTREAM.H --> ftp.ecs.syr.edu /faculty/fawcett/handouts/CSE687/code/iostreams/HEADERS FSTREAM.H
2003.01.25 21:33 B C:\SU\CSE687\Code\iostreams\HEADERS\IOMANIP --> ftp.ecs.syr.edu /faculty/fawcett/handouts/CSE687/code/iostreams/HEADERS IOMANIP
2003.01.25 21:33 B C:\SU\CSE687\Code\iostreams\HEADERS\IOMANIP.H --> ftp.ecs.syr.edu /faculty/fawcett/handouts/CSE687/code/iostreams/HEADERS IOMANIP.H
2003.01.25 21:33 B C:\SU\CSE687\Code\iostreams\HEADERS\IOS --> ftp.ecs.syr.edu /faculty/fawcett/handouts/CSE687/code/iostreams/HEADERS IOS
2003.01.25 21:33 B C:\SU\CSE687\Code\iostreams\HEADERS\IOS.H --> ftp.ecs.syr.edu /faculty/fawcett/handouts/CSE687/code/iostreams/HEADERS IOS.H
2003.01.25 21:33 B C:\SU\CSE687\Code\iostreams\HEADERS\IOSFWD --> ftp.ecs.syr.edu /faculty/fawcett/handouts/CSE687/code/iostreams/HEADERS IOSFWD
2003.01.25 21:33 B C:\SU\CSE687\Code\iostreams\HEADERS\IOSTREAM --> ftp.ecs.syr.edu /faculty/fawcett/handouts/CSE687/code/iostreams/HEADERS IOSTREAM
2003.01.25 21:33 B C:\SU\CSE687\Code\iostreams\HEADERS\IOSTREAM.H --> ftp.ecs.syr.edu /faculty/fawcett/handouts/CSE687/code/iostreams/HEADERS IOSTREAM.H
2003.01.25 21:33 B C:\SU\CSE687\Code\iostreams\HEADERS\ISTREAM --> ftp.ecs.syr.edu /faculty/fawcett/handouts/CSE687/code/iostreams/HEADERS ISTREAM
2003.01.25 21:33 B C:\SU\CSE687\Code\iostreams\HEADERS\ISTREAM.H --> ftp.ecs.syr.edu /faculty/fawcett/handouts/CSE687/code/iostreams/HEADERS ISTREAM.H
2003.01.25 21:33 B C:\SU\CSE687\Code\iostreams\HEADERS\OSTREAM --> ftp.ecs.syr.edu /faculty/fawcett/handouts/CSE687/code/iostreams/HEADERS OSTREAM
2003.01.25 21:33 B C:\SU\CSE687\Code\iostreams\HEADERS\OSTREAM.H --> ftp.ecs.syr.edu /faculty/fawcett/handouts/CSE687/code/iostreams/HEADERS OSTREAM.H
2003.01.25 21:33 B C:\SU\CSE687\Code\iostreams\HEADERS\SSTREAM --> ftp.ecs.syr.edu /faculty/fawcett/handouts/CSE687/code/iostreams/HEADERS SSTREAM
2003.01.25 21:33 B C:\SU\CSE687\Code\iostreams\HEADERS\STREAMB.H --> ftp.ecs.syr.edu /faculty/fawcett/handouts/CSE687/code/iostreams/HEADERS STREAMB.H
2003.01.25 21:33 B C:\SU\CSE687\Code\iostreams\HEADERS\streambuf --> ftp.ecs.syr.edu /faculty/fawcett/handouts/CSE687/code/iostreams/HEADERS streambuf
2003.01.25 21:33 B C:\SU\CSE687\Code\iostreams\HEADERS\STRSTREA.H --> ftp.ecs.syr.edu /faculty/fawcett/handouts/CSE687/code/iostreams/HEADERS STRSTREA.H
2003.01.25 21:33 B C:\SU\CSE687\Code\iostreams\HEADERS\strstream --> ftp.ecs.syr.edu /faculty/fawcett/handouts/CSE687/code/iostreams/HEADERS strstream
2003.02.26 11:48 B C:\SU\CSE687\Code\iostreams\HEADERS\WS_FTP.LOG --> ftp.ecs.syr.edu /faculty/fawcett/handouts/CSE687/code/iostreams/HEADERS WS_FTP.LOG
2004.03.01 10:32 B C:\SU\CSE687\Code\iostreams\HEADERS\FSTREAM --> ftp.ecs.syr.edu /faculty/fawcett/handouts/CSE687/code/iostreams/HEADERS FSTREAM
2004.03.01 10:32 B C:\SU\CSE687\Code\iostreams\HEADERS\FSTREAM.H --> ftp.ecs.syr.edu /faculty/fawcett/handouts/CSE687/code/iostreams/HEADERS FSTREAM.H
2004.03.01 10:32 B C:\SU\CSE687\Code\iostreams\HEADERS\IOMANIP --> ftp.ecs.syr.edu /faculty/fawcett/handouts/CSE687/code/iostreams/HEADERS IOMANIP
2004.03.01 10:32 B C:\SU\CSE687\Code\iostreams\HEADERS\IOMANIP.H --> ftp.ecs.syr.edu /faculty/fawcett/handouts/CSE687/code/iostreams/HEADERS IOMANIP.H
2004.03.01 10:32 B C:\SU\CSE687\Code\iostreams\HEADERS\IOS --> ftp.ecs.syr.edu /faculty/fawcett/handouts/CSE687/code/iostreams/HEADERS IOS
2004.03.01 10:32 B C:\SU\CSE687\Code\iostreams\HEADERS\IOSFWD --> ftp.ecs.syr.edu /faculty/fawcett/handouts/CSE687/code/iostreams/HEADERS IOSFWD
2004.03.01 10:32 B C:\SU\CSE687\Code\iostreams\HEADERS\IOSTREAM --> ftp.ecs.syr.edu /faculty/fawcett/handouts/CSE687/code/iostreams/HEADERS IOSTREAM
2004.03.01 10:32 B C:\SU\CSE687\Code\iostreams\HEADERS\ISTREAM --> ftp.ecs.syr.edu /faculty/fawcett/handouts/CSE687/code/iostreams/HEADERS ISTREAM
2004.03.01 10:32 B C:\SU\CSE687\Code\iostreams\HEADERS\SSTREAM --> ftp.ecs.syr.edu /faculty/fawcett/handouts/CSE687/code/iostreams/HEADERS SSTREAM
2004.03.01 10:32 B C:\SU\CSE687\Code\iostreams\HEADERS\STREAMB.H --> ftp.ecs.syr.edu /faculty/fawcett/handouts/CSE687/code/iostreams/HEADERS STREAMB.H
2004.03.01 10:32 B C:\SU\CSE687\Code\iostreams\HEADERS\streambuf --> ftp.ecs.syr.edu /faculty/fawcett/handouts/CSE687/code/iostreams/HEADERS streambuf
2004.03.01 10:32 B C:\SU\CSE687\Code\iostreams\HEADERS\STRSTREA.H --> ftp.ecs.syr.edu /faculty/fawcett/handouts/CSE687/code/iostreams/HEADERS STRSTREA.H
2004.03.01 10:32 B C:\SU\CSE687\Code\iostreams\HEADERS\strstream --> ftp.ecs.syr.edu /faculty/fawcett/handouts/CSE687/code/iostreams/HEADERS strstream
2004.03.01 10:32 B C:\SU\CSE687\Code\iostreams\HEADERS\WS_FTP.LOG --> ftp.ecs.syr.edu /faculty/fawcett/handouts/CSE687/code/iostreams/HEADERS WS_FTP.LOG
